<?xml version="1.0" encoding="UTF-8"?>
<!-- Generated by org.testng.reporters.JUnitReportReporter -->
<testsuite hostname="innovix1-System-Product-Name" failures="0" tests="1" name="org.mavenproject1.NewTest" time="0.004" errors="0" timestamp="13 Sep 2022 12:21:19 GMT" skipped="0">
  <testcase classname="org.mavenproject1.NewTest" name="f" time="0.004"/>
</testsuite> <!-- org.mavenproject1.NewTest -->
